<?xml version="1.0" encoding="UTF-8"?>
<testng-results skipped="0" failed="0" ignored="0" total="1" passed="1">
  <reporter-output>
  </reporter-output>
  <suite name="Surefire suite" duration-ms="263" started-at="2020-06-24T11:45:03 IST" finished-at="2020-06-24T11:45:03 IST">
    <groups>
    </groups>
    <test name="Surefire test" duration-ms="263" started-at="2020-06-24T11:45:03 IST" finished-at="2020-06-24T11:45:03 IST">
      <class name="FirstMavenProject.Maven1.BrowserTest">
        <test-method status="PASS" signature="testbrowser()[pri:0, instance:FirstMavenProject.Maven1.BrowserTest@31dc339b]" name="testbrowser" duration-ms="12" started-at="2020-06-24T11:45:03 IST" finished-at="2020-06-24T11:45:03 IST">
          <reporter-output>
          </reporter-output>
        </test-method> <!-- testbrowser -->
      </class> <!-- FirstMavenProject.Maven1.BrowserTest -->
    </test> <!-- Surefire test -->
  </suite> <!-- Surefire suite -->
</testng-results>
