<?xml version="1.0" encoding="UTF-8"?>
<testng-results skipped="0" failed="0" total="1" passed="1">
  <reporter-output>
  </reporter-output>
  <suite name="Default suite" duration-ms="219" started-at="2020-06-24T18:21:52Z" finished-at="2020-06-24T18:21:52Z">
    <groups>
    </groups>
    <test name="Default test" duration-ms="219" started-at="2020-06-24T18:21:52Z" finished-at="2020-06-24T18:21:52Z">
      <class name="FirstMavenProject.Maven1.Browser">
        <test-method status="PASS" signature="startTest()[pri:0, instance:FirstMavenProject.Maven1.Browser@59f99ea]" name="startTest" is-config="true" duration-ms="173" started-at="2020-06-24T23:51:52Z" finished-at="2020-06-24T23:51:52Z">
          <reporter-output>
          </reporter-output>
        </test-method> <!-- startTest -->
        <test-method status="PASS" signature="testbrowser()[pri:0, instance:FirstMavenProject.Maven1.Browser@59f99ea]" name="testbrowser" duration-ms="19" started-at="2020-06-24T23:51:52Z" finished-at="2020-06-24T23:51:52Z">
          <reporter-output>
          </reporter-output>
        </test-method> <!-- testbrowser -->
      </class> <!-- FirstMavenProject.Maven1.Browser -->
    </test> <!-- Default test -->
  </suite> <!-- Default suite -->
</testng-results>
